[2025-12-11 18:18:54] ERROR (user_id=1, post_id=1): quia et suscipit suscipit recusandae consequuntur expedita et cum reprehenderit molestiae ut ut quas totam nostrum rerum est autem sunt rem eveniet architecto
[2025-12-11 18:18:54] INFO (user_id=1, post_id=2): est rerum tempore vitae sequi sint nihil reprehenderit dolor beatae ea dolores neque fugiat blanditiis voluptate porro vel nihil molestiae ut reiciendis qui aperiam non debitis possimus qui neque nisi nulla
[2025-12-11 18:18:54] WARNING (user_id=1, post_id=3): et iusto sed quo iure voluptatem occaecati omnis eligendi aut ad voluptatem doloribus vel accusantium quis pariatur molestiae porro eius odio et labore et velit aut
[2025-12-11 18:18:54] ERROR (user_id=1, post_id=4): ullam et saepe reiciendis voluptatem adipisci sit amet autem assumenda provident rerum culpa quis hic commodi nesciunt rem tenetur doloremque ipsam iure quis sunt voluptatem rerum illo velit
[2025-12-11 18:18:54] ERROR (user_id=1, post_id=5): repudiandae veniam quaerat sunt sed alias aut fugiat sit autem sed est voluptatem omnis possimus esse voluptatibus quis est aut tenetur dolor neque
[2025-12-11 18:18:54] WARNING (user_id=1, post_id=6): ut aspernatur corporis harum nihil quis provident sequi mollitia nobis aliquid molestiae perspiciatis et ea nemo ab reprehenderit accusantium quas voluptate dolores velit et doloremque molestiae
[2025-12-11 18:18:54] ERROR (user_id=1, post_id=7): dolore placeat quibusdam ea quo vitae magni quis enim qui quis quo nemo aut saepe quidem repellat excepturi ut quia sunt ut sequi eos ea sed quas
[2025-12-11 18:18:54] INFO (user_id=1, post_id=8): dignissimos aperiam dolorem qui eum facilis quibusdam animi sint suscipit qui sint possimus cum quaerat magni maiores excepturi ipsam ut commodi dolor voluptatum modi aut vitae
[2025-12-11 18:18:54] WARNING (user_id=1, post_id=9): consectetur animi nesciunt iure dolore enim quia ad veniam autem ut quam aut nobis et est aut quod aut provident voluptas autem voluptas
[2025-12-11 18:18:54] ERROR (user_id=1, post_id=10): quo et expedita modi cum officia vel magni doloribus qui repudiandae vero nisi sit quos veniam quod sed accusamus veritatis error
[2025-12-11 18:18:54] ERROR (user_id=2, post_id=11): delectus reiciendis molestiae occaecati non minima eveniet qui voluptatibus accusamus in eum beatae sit vel qui neque voluptates ut commodi qui incidunt ut animi commodi
[2025-12-11 18:18:54] ERROR (user_id=2, post_id=12): itaque id aut magnam praesentium quia et ea odit et ea voluptas et sapiente quia nihil amet occaecati quia id voluptatem incidunt ea est distinctio odio
[2025-12-11 18:18:54] WARNING (user_id=2, post_id=13): aut dicta possimus sint mollitia voluptas commodi quo doloremque iste corrupti reiciendis voluptatem eius rerum sit cumque quod eligendi laborum minima perferendis recusandae assumenda consectetur porro architecto ipsum ipsam
[2025-12-11 18:18:54] ERROR (user_id=2, post_id=14): fuga et accusamus dolorum perferendis illo voluptas non doloremque neque facere ad qui dolorum molestiae beatae sed aut voluptas totam sit illum
[2025-12-11 18:18:54] ERROR (user_id=2, post_id=15): reprehenderit quos placeat velit minima officia dolores impedit repudiandae molestiae nam voluptas recusandae quis delectus officiis harum fugiat vitae
[2025-12-11 18:18:54] ERROR (user_id=2, post_id=16): suscipit nam nisi quo aperiam aut asperiores eos fugit maiores voluptatibus quia voluptatem quis ullam qui in alias quia est consequatur magni mollitia accusamus ea nisi voluptate dicta
[2025-12-11 18:18:54] INFO (user_id=2, post_id=17): eos voluptas et aut odit natus earum aspernatur fuga molestiae ullam deserunt ratione qui eos qui nihil ratione nemo velit ut aut id quo
[2025-12-11 18:18:54] ERROR (user_id=2, post_id=18): eveniet quo quis laborum totam consequatur non dolor ut et est repudiandae est voluptatem vel debitis et magnam
[2025-12-11 18:18:54] ERROR (user_id=2, post_id=19): illum quis cupiditate provident sit magnam ea sed aut omnis veniam maiores ullam consequatur atque adipisci quo iste expedita sit quos voluptas
[2025-12-11 18:18:54] WARNING (user_id=2, post_id=20): qui consequuntur ducimus possimus quisquam amet similique suscipit porro ipsam amet eos veritatis officiis exercitationem vel fugit aut necessitatibus totam omnis rerum consequatur expedita quidem cumque explicabo
[2025-12-11 18:18:54] WARNING (user_id=3, post_id=21): repellat aliquid praesentium dolorem quo sed totam minus non itaque nihil labore molestiae sunt dolor eveniet hic recusandae veniam tempora et tenetur expedita sunt
[2025-12-11 18:18:54] ERROR (user_id=3, post_id=22): eos qui et ipsum ipsam suscipit aut sed omnis non odio expedita earum mollitia molestiae aut atque rem suscipit nam impedit esse
[2025-12-11 18:18:54] ERROR (user_id=3, post_id=23): veritatis unde neque eligendi quae quod architecto quo neque vitae est illo sit tempora doloremque fugit quod et et vel beatae sequi ullam sed tenetur perspiciatis
[2025-12-11 18:18:54] INFO (user_id=3, post_id=24): enim et ex nulla omnis voluptas quia qui voluptatem consequatur numquam aliquam sunt totam recusandae id dignissimos aut sed asperiores deserunt
[2025-12-11 18:18:54] WARNING (user_id=3, post_id=25): ullam consequatur ut omnis quis sit vel consequuntur ipsa eligendi ipsum molestiae et omnis error nostrum molestiae illo tempore quia et distinctio
[2025-12-11 18:18:54] ERROR (user_id=3, post_id=26): similique esse doloribus nihil accusamus omnis dolorem fuga consequuntur reprehenderit fugit recusandae temporibus perspiciatis cum ut laudantium omnis aut molestiae vel vero
[2025-12-11 18:18:54] ERROR (user_id=3, post_id=27): eum sed dolores ipsam sint possimus debitis occaecati debitis qui qui et ut placeat enim earum aut odit facilis consequatur suscipit necessitatibus rerum sed inventore temporibus consequatur
[2025-12-11 18:18:54] INFO (user_id=3, post_id=28): non et quaerat ex quae ad maiores maiores recusandae totam aut blanditiis mollitia quas illo ut voluptatibus voluptatem similique nostrum eum
[2025-12-11 18:18:54] WARNING (user_id=3, post_id=29): odit magnam ut saepe sed non qui tempora atque nihil accusamus illum doloribus illo dolor eligendi repudiandae odit magni similique sed cum maiores
[2025-12-11 18:18:54] INFO (user_id=3, post_id=30): alias dolor cumque impedit blanditiis non eveniet odio maxime blanditiis amet eius quis tempora quia autem rem a provident perspiciatis quia
[2025-12-11 18:18:54] WARNING (user_id=4, post_id=31): debitis eius sed quibusdam non quis consectetur vitae impedit ut qui consequatur sed aut in quidem sit nostrum et maiores adipisci atque quaerat voluptatem adipisci repudiandae
[2025-12-11 18:18:54] INFO (user_id=4, post_id=32): deserunt eos nobis asperiores et hic est debitis repellat molestiae optio nihil ratione ut eos beatae quibusdam distinctio maiores earum voluptates et aut adipisci ea maiores voluptas maxime
[2025-12-11 18:18:54] WARNING (user_id=4, post_id=33): rerum ut et numquam laborum odit est sit id qui sint in quasi tenetur tempore aperiam et quaerat qui in rerum officiis sequi cumque quod
[2025-12-11 18:18:54] WARNING (user_id=4, post_id=34): ea velit perferendis earum ut voluptatem voluptate itaque iusto totam pariatur in nemo voluptatem voluptatem autem magni tempora minima in est distinctio qui assumenda accusamus dignissimos officia nesciunt nobis
[2025-12-11 18:18:54] INFO (user_id=4, post_id=35): nisi error delectus possimus ut eligendi vitae placeat eos harum cupiditate facilis reprehenderit voluptatem beatae modi ducimus quo illum voluptas eligendi et nobis quia fugit
[2025-12-11 18:18:54] WARNING (user_id=4, post_id=36): ad mollitia et omnis minus architecto odit voluptas doloremque maxime aut non ipsa qui alias veniam blanditiis culpa aut quia nihil cumque facere et occaecati qui aspernatur quia eaque ut aperiam inventore
[2025-12-11 18:18:54] WARNING (user_id=4, post_id=37): debitis et eaque non officia sed nesciunt pariatur vel voluptatem iste vero et ea numquam aut expedita ipsum nulla in voluptates omnis consequatur aut enim officiis in quam qui
[2025-12-11 18:18:54] WARNING (user_id=4, post_id=38): animi esse sit aut sit nesciunt assumenda eum voluptas quia voluptatibus provident quia necessitatibus ea rerum repudiandae quia voluptatem delectus fugit aut id quia ratione optio eos iusto veniam iure
[2025-12-11 18:18:54] ERROR (user_id=4, post_id=39): corporis rerum ducimus vel eum accusantium maxime aspernatur a porro possimus iste omnis est in deleniti asperiores fuga aut voluptas sapiente vel dolore minus voluptatem incidunt ex
[2025-12-11 18:18:54] INFO (user_id=4, post_id=40): ut voluptatum aliquid illo tenetur nemo sequi quo facilis ipsum rem optio mollitia quas voluptatem eum voluptas qui unde omnis voluptatem iure quasi maxime voluptas nam
[2025-12-11 18:18:54] INFO (user_id=5, post_id=41): molestias id nostrum excepturi molestiae dolore omnis repellendus quaerat saepe consectetur iste quaerat tenetur asperiores accusamus ex ut nam quidem est ducimus sunt debitis saepe
[2025-12-11 18:18:54] INFO (user_id=5, post_id=42): odio fugit voluptatum ducimus earum autem est incidunt voluptatem odit reiciendis aliquam sunt sequi nulla dolorem non facere repellendus voluptates quia ratione harum vitae ut
[2025-12-11 18:18:54] ERROR (user_id=5, post_id=43): similique fugit est illum et dolorum harum et voluptate eaque quidem exercitationem quos nam commodi possimus cum odio nihil nulla dolorum exercitationem magnam ex et a et distinctio debitis
[2025-12-11 18:18:54] INFO (user_id=5, post_id=44): temporibus est consectetur dolore et libero debitis vel velit laboriosam quia ipsum quibusdam qui itaque fuga rem aut ea et iure quam sed maxime ut distinctio quae
[2025-12-11 18:18:54] WARNING (user_id=5, post_id=45): est natus reiciendis nihil possimus aut provident ex et dolor repellat pariatur est nobis rerum repellendus dolorem autem
[2025-12-11 18:18:54] ERROR (user_id=5, post_id=46): voluptatem quisquam iste voluptatibus natus officiis facilis dolorem quis quas ipsam vel et voluptatum in aliquid
[2025-12-11 18:18:54] INFO (user_id=5, post_id=47): voluptatem assumenda ut qui ut cupiditate aut impedit veniam occaecati nemo illum voluptatem laudantium molestiae beatae rerum ea iure soluta nostrum eligendi et voluptate
[2025-12-11 18:18:54] WARNING (user_id=5, post_id=48): voluptates quo voluptatem facilis iure occaecati vel assumenda rerum officia et illum perspiciatis ab deleniti laudantium repellat ad ut et autem reprehenderit
[2025-12-11 18:18:54] WARNING (user_id=5, post_id=49): inventore ab sint natus fugit id nulla sequi architecto nihil quaerat eos tenetur in in eum veritatis non quibusdam officiis aspernatur cumque aut commodi aut
[2025-12-11 18:18:54] ERROR (user_id=5, post_id=50): error suscipit maxime adipisci consequuntur recusandae voluptas eligendi et est et voluptates quia distinctio ab amet quaerat molestiae et vitae adipisci impedit sequi nesciunt quis consectetur
[2025-12-11 18:18:54] WARNING (user_id=6, post_id=51): sunt dolores aut doloribus dolore doloribus voluptates tempora et doloremque et quo cum asperiores sit consectetur dolorem
[2025-12-11 18:18:54] ERROR (user_id=6, post_id=52): iusto est quibusdam fuga quas quaerat molestias a enim ut sit accusamus enim temporibus iusto accusantium provident architecto soluta esse reprehenderit qui laborum
[2025-12-11 18:18:54] WARNING (user_id=6, post_id=53): minima harum praesentium eum rerum illo dolore quasi exercitationem rerum nam porro quis neque quo consequatur minus dolor quidem veritatis sunt non explicabo similique
[2025-12-11 18:18:54] INFO (user_id=6, post_id=54): totam corporis dignissimos vitae dolorem ut occaecati accusamus ex velit deserunt et exercitationem vero incidunt corrupti mollitia
[2025-12-11 18:18:54] ERROR (user_id=6, post_id=55): debitis excepturi ea perferendis harum libero optio eos accusamus cum fuga ut sapiente repudiandae et ut incidunt omnis molestiae nihil ut eum odit
[2025-12-11 18:18:54] INFO (user_id=6, post_id=56): aut est omnis dolores neque rerum quod ea rerum velit pariatur beatae excepturi et provident voluptas corrupti corporis harum reprehenderit dolores eligendi
[2025-12-11 18:18:54] INFO (user_id=6, post_id=57): at pariatur consequuntur earum quidem quo est laudantium soluta voluptatem qui ullam et est et cum voluptas voluptatum repellat est
[2025-12-11 18:18:54] ERROR (user_id=6, post_id=58): veniam voluptatum quae adipisci id et id quia eos ad et dolorem aliquam quo nisi sunt eos impedit error ad similique veniam
[2025-12-11 18:18:54] INFO (user_id=6, post_id=59): perspiciatis et quam ea autem temporibus non voluptatibus qui beatae a earum officia nesciunt dolores suscipit voluptas et animi doloribus cum rerum quas et magni et hic ut ut commodi expedita sunt
[2025-12-11 18:18:54] WARNING (user_id=6, post_id=60): asperiores sunt ab assumenda cumque modi velit qui esse omnis voluptate et fuga perferendis voluptas illo ratione amet aut et omnis
[2025-12-11 18:18:54] ERROR (user_id=7, post_id=61): ab nemo optio odio delectus tenetur corporis similique nobis repellendus rerum omnis facilis vero blanditiis debitis in nesciunt doloribus dicta dolores magnam minus velit
[2025-12-11 18:18:54] ERROR (user_id=7, post_id=62): enim aspernatur illo distinctio quae praesentium beatae alias amet delectus qui voluptate distinctio odit sint accusantium autem omnis quo molestiae omnis ea eveniet optio
[2025-12-11 18:18:54] WARNING (user_id=7, post_id=63): enim adipisci aspernatur nemo numquam omnis facere dolorem dolor ex quis temporibus incidunt ab delectus culpa quo reprehenderit blanditiis asperiores accusantium ut quam in voluptatibus voluptas ipsam dicta
[2025-12-11 18:18:54] INFO (user_id=7, post_id=64): id velit blanditiis eum ea voluptatem molestiae sint occaecati est eos perspiciatis incidunt a error provident eaque aut aut qui
[2025-12-11 18:18:54] INFO (user_id=7, post_id=65): voluptatibus ex esse sint explicabo est aliquid cumque adipisci fuga repellat labore molestiae corrupti ex saepe at asperiores et perferendis natus id esse incidunt pariatur
[2025-12-11 18:18:54] ERROR (user_id=7, post_id=66): officia veritatis tenetur vero qui itaque sint non ratione sed et ut asperiores iusto eos molestiae nostrum veritatis quibusdam et nemo iusto saepe
[2025-12-11 18:18:54] ERROR (user_id=7, post_id=67): reprehenderit id nostrum voluptas doloremque pariatur sint et accusantium quia quod aspernatur et fugiat amet non sapiente et consequatur necessitatibus molestiae
[2025-12-11 18:18:54] ERROR (user_id=7, post_id=68): magnam molestiae perferendis quisquam qui cum reiciendis quaerat animi amet hic inventore ea quia deleniti quidem saepe porro velit
[2025-12-11 18:18:54] ERROR (user_id=7, post_id=69): officiis error culpa consequatur modi asperiores et dolorum assumenda voluptas et vel qui aut vel rerum voluptatum quisquam perspiciatis quia rerum consequatur totam quas sequi commodi repudiandae asperiores et saepe a
[2025-12-11 18:18:54] INFO (user_id=7, post_id=70): sunt repellendus quae est asperiores aut deleniti esse accusamus repellendus quia aut quia dolorem unde eum tempora esse dolore
[2025-12-11 18:18:54] ERROR (user_id=8, post_id=71): occaecati a doloribus iste saepe consectetur placeat eum voluptate dolorem et qui quo quia voluptas rerum ut id enim velit est perferendis
[2025-12-11 18:18:54] WARNING (user_id=8, post_id=72): quam occaecati qui deleniti consectetur consequatur aut facere quas exercitationem aliquam hic voluptas neque id sunt ut aut accusamus sunt consectetur expedita inventore velit
[2025-12-11 18:18:54] WARNING (user_id=8, post_id=73): voluptatem cumque tenetur consequatur expedita ipsum nemo quia explicabo aut eum minima consequatur tempore cumque quae est et et in consequuntur voluptatem voluptates aut
[2025-12-11 18:18:54] INFO (user_id=8, post_id=74): odit qui et et necessitatibus sint veniam mollitia amet doloremque molestiae commodi similique magnam et quam blanditiis est itaque quo et tenetur ratione occaecati molestiae tempora
[2025-12-11 18:18:54] ERROR (user_id=8, post_id=75): commodi non non omnis et voluptas sit autem aut nobis magnam et sapiente voluptatem et laborum repellat qui delectus facilis temporibus rerum amet et nemo voluptate expedita adipisci error dolorem
[2025-12-11 18:18:54] WARNING (user_id=8, post_id=76): ut animi facere totam iusto tempore molestiae eum aut et dolorem aperiam quaerat recusandae totam odio
[2025-12-11 18:18:54] ERROR (user_id=8, post_id=77): modi ut in nulla repudiandae dolorum nostrum eos aut consequatur omnis ut incidunt est omnis iste et quam voluptates sapiente aliquam asperiores nobis amet corrupti repudiandae provident
[2025-12-11 18:18:54] ERROR (user_id=8, post_id=78): nobis facilis odit tempore cupiditate quia assumenda doloribus rerum qui ea illum et qui totam aut veniam repellendus
[2025-12-11 18:18:54] ERROR (user_id=8, post_id=79): libero accusantium et et facere incidunt sit dolorem non excepturi qui quia sed laudantium quisquam molestiae ducimus est officiis esse molestiae iste et quos
[2025-12-11 18:18:54] WARNING (user_id=8, post_id=80): ex quod dolorem ea eum iure qui provident amet quia qui facere excepturi et repudiandae asperiores molestias provident minus incidunt vero fugit rerum sint sunt excepturi provident
[2025-12-11 18:18:54] ERROR (user_id=9, post_id=81): facere qui nesciunt est voluptatum voluptatem nisi sequi eligendi necessitatibus ea at rerum itaque harum non ratione velit laboriosam quis consequuntur ex officiis minima doloremque voluptas ut aut
[2025-12-11 18:18:54] INFO (user_id=9, post_id=82): ut libero sit aut totam inventore sunt porro sint qui sunt molestiae consequatur cupiditate qui iste ducimus adipisci dolor enim assumenda soluta laboriosam amet iste delectus hic
[2025-12-11 18:18:54] INFO (user_id=9, post_id=83): est molestiae facilis quis tempora numquam nihil qui voluptate sapiente consequatur est qui necessitatibus autem aut ipsa aperiam modi dolore numquam reprehenderit eius rem quibusdam
[2025-12-11 18:18:54] WARNING (user_id=9, post_id=84): sint molestiae magni a et quos eaque et quasi ut rerum debitis similique veniam recusandae dignissimos dolor incidunt consequatur odio
[2025-12-11 18:18:54] WARNING (user_id=9, post_id=85): similique sed nisi voluptas iusto omnis mollitia et quo assumenda suscipit officia magnam sint sed tempora enim provident pariatur praesentium atque animi amet ratione
[2025-12-11 18:18:54] INFO (user_id=9, post_id=86): quasi excepturi consequatur iste autem temporibus sed molestiae beatae et quaerat et esse ut voluptatem occaecati et vel explicabo autem asperiores pariatur deserunt optio
[2025-12-11 18:18:54] INFO (user_id=9, post_id=87): eos et molestiae nesciunt ut a dolores perspiciatis repellendus repellat aliquid magnam sint rem ipsum est
[2025-12-11 18:18:54] INFO (user_id=9, post_id=88): consequatur omnis est praesentium ducimus non iste neque hic deserunt voluptatibus veniam cum et rerum sed
[2025-12-11 18:18:54] INFO (user_id=9, post_id=89): repellat aut aperiam totam temporibus autem et architecto magnam ut consequatur qui cupiditate rerum quia soluta dignissimos nihil iure tempore quas est
[2025-12-11 18:18:54] WARNING (user_id=9, post_id=90): minus omnis soluta quia qui sed adipisci voluptates illum ipsam voluptatem eligendi officia ut in eos soluta similique molestias praesentium blanditiis
[2025-12-11 18:18:54] INFO (user_id=10, post_id=91): libero voluptate eveniet aperiam sed sunt placeat suscipit molestias similique fugit nam natus expedita consequatur consequatur dolores quia eos et placeat
[2025-12-11 18:18:54] INFO (user_id=10, post_id=92): aut et excepturi dicta laudantium sint rerum nihil laudantium et at a neque minima officia et similique libero et commodi voluptate qui
[2025-12-11 18:18:54] WARNING (user_id=10, post_id=93): dolorem quibusdam ducimus consequuntur dicta aut quo laboriosam voluptatem quis enim recusandae ut sed sunt nostrum est odit totam sit error sed sunt eveniet provident qui nulla
[2025-12-11 18:18:54] INFO (user_id=10, post_id=94): aspernatur expedita soluta quo ab ut similique expedita dolores amet sed temporibus distinctio magnam saepe deleniti omnis facilis nam ipsum natus sint similique omnis
[2025-12-11 18:18:54] INFO (user_id=10, post_id=95): earum voluptatem facere provident blanditiis velit laboriosam pariatur accusamus odio saepe cumque dolor qui a dicta ab doloribus consequatur omnis corporis cupiditate eaque assumenda ad nesciunt
[2025-12-11 18:18:54] WARNING (user_id=10, post_id=96): in non odio excepturi sint eum labore voluptates vitae quia qui et inventore itaque rerum veniam non exercitationem delectus aut
[2025-12-11 18:18:54] INFO (user_id=10, post_id=97): eum non blanditiis soluta porro quibusdam voluptas vel voluptatem qui placeat dolores qui velit aut vel inventore aut cumque culpa explicabo aliquid at perspiciatis est et voluptatem dignissimos dolor itaque sit nam
[2025-12-11 18:18:54] ERROR (user_id=10, post_id=98): doloremque ex facilis sit sint culpa soluta assumenda eligendi non ut eius sequi ducimus vel quasi veritatis est dolores
[2025-12-11 18:18:54] INFO (user_id=10, post_id=99): quo deleniti praesentium dicta non quod aut est molestias molestias et officia quis nihil itaque dolorem quia
[2025-12-11 18:18:54] INFO (user_id=10, post_id=100): cupiditate quo est a modi nesciunt soluta ipsa voluptas error itaque dicta in autem qui minus magnam et distinctio eum accusamus ratione error aut
